<?xml version="1.0" encoding="UTF-8"?>
<!-- Generated by org.testng.reporters.JUnitReportReporter -->
<testsuite hostname="APAC-4GQ10J3" failures="0" tests="1" name="com.e2etest.qa.Tests.LoginTest" time="6.954" errors="0" timestamp="2024-06-16T18:29:42 IST" skipped="0">
  <testcase classname="com.e2etest.qa.Tests.LoginTest" name="initializeBrowser" time="6.954"/>
</testsuite> <!-- com.e2etest.qa.Tests.LoginTest -->
